<?xml version="1.0" encoding="UTF-8" ?>
<testsuite failures="0" time="0.121" errors="0" skipped="0" tests="10" name="org.opencloudb.route.ServerRouteTest">
  <properties>
    <property name="java.runtime.name" value="Java(TM) SE Runtime Environment"/>
    <property name="sun.boot.library.path" value="/home/svn/jdk1.6.0_45/jre/lib/i386"/>
    <property name="java.vm.version" value="20.45-b01"/>
    <property name="java.vm.vendor" value="Sun Microsystems Inc."/>
    <property name="java.vendor.url" value="http://java.sun.com/"/>
    <property name="path.separator" value=":"/>
    <property name="java.vm.name" value="Java HotSpot(TM) Server VM"/>
    <property name="file.encoding.pkg" value="sun.io"/>
    <property name="user.country" value="CN"/>
    <property name="sun.java.launcher" value="SUN_STANDARD"/>
    <property name="sun.os.patch.level" value="unknown"/>
    <property name="java.vm.specification.name" value="Java Virtual Machine Specification"/>
    <property name="user.dir" value="/home/svn/trunk"/>
    <property name="java.runtime.version" value="1.6.0_45-b06"/>
    <property name="java.awt.graphicsenv" value="sun.awt.X11GraphicsEnvironment"/>
    <property name="basedir" value="/home/svn/trunk"/>
    <property name="java.endorsed.dirs" value="/home/svn/jdk1.6.0_45/jre/lib/endorsed"/>
    <property name="os.arch" value="i386"/>
    <property name="surefire.real.class.path" value="/tmp/surefirebooter6908173551444392402.jar"/>
    <property name="java.io.tmpdir" value="/tmp"/>
    <property name="line.separator" value="
"/>
    <property name="java.vm.specification.vendor" value="Sun Microsystems Inc."/>
    <property name="os.name" value="Linux"/>
    <property name="sun.jnu.encoding" value="UTF-8"/>
    <property name="java.library.path" value="/home/svn/jdk1.6.0_45/jre/lib/i386/server:/home/svn/jdk1.6.0_45/jre/lib/i386:/home/svn/jdk1.6.0_45/jre/../lib/i386:/usr/java/packages/lib/i386:/lib:/usr/lib"/>
    <property name="surefire.test.class.path" value="/home/svn/trunk/target/test-classes:/home/svn/trunk/target/classes:/home/kylin/.m2/repository/log4j/log4j/1.2.16/log4j-1.2.16.jar:/home/kylin/.m2/repository/c3p0/c3p0/0.9.1.2/c3p0-0.9.1.2.jar:/home/kylin/.m2/repository/mysql/mysql-connector-java/5.1.27/mysql-connector-java-5.1.27.jar:/home/kylin/.m2/repository/junit/junit/4.4/junit-4.4.jar:/home/kylin/.m2/repository/org/codehaus/jsr166-mirror/jsr166y/1.7.0/jsr166y-1.7.0.jar:"/>
    <property name="java.specification.name" value="Java Platform API Specification"/>
    <property name="java.class.version" value="50.0"/>
    <property name="sun.management.compiler" value="HotSpot Tiered Compilers"/>
    <property name="os.version" value="3.8.0-31-generic"/>
    <property name="user.home" value="/home/kylin"/>
    <property name="user.timezone" value="Asia/Shanghai"/>
    <property name="java.awt.printerjob" value="sun.print.PSPrinterJob"/>
    <property name="file.encoding" value="UTF-8"/>
    <property name="java.specification.version" value="1.6"/>
    <property name="user.name" value="kylin"/>
    <property name="java.class.path" value="/home/svn/trunk/target/test-classes:/home/svn/trunk/target/classes:/home/kylin/.m2/repository/log4j/log4j/1.2.16/log4j-1.2.16.jar:/home/kylin/.m2/repository/c3p0/c3p0/0.9.1.2/c3p0-0.9.1.2.jar:/home/kylin/.m2/repository/mysql/mysql-connector-java/5.1.27/mysql-connector-java-5.1.27.jar:/home/kylin/.m2/repository/junit/junit/4.4/junit-4.4.jar:/home/kylin/.m2/repository/org/codehaus/jsr166-mirror/jsr166y/1.7.0/jsr166y-1.7.0.jar:"/>
    <property name="java.vm.specification.version" value="1.0"/>
    <property name="sun.arch.data.model" value="32"/>
    <property name="java.home" value="/home/svn/jdk1.6.0_45/jre"/>
    <property name="sun.java.command" value="/tmp/surefirebooter6908173551444392402.jar /tmp/surefire4549181383095458002tmp /tmp/surefire3806799619696372227tmp"/>
    <property name="java.specification.vendor" value="Sun Microsystems Inc."/>
    <property name="user.language" value="zh"/>
    <property name="java.vm.info" value="mixed mode"/>
    <property name="java.version" value="1.6.0_45"/>
    <property name="java.ext.dirs" value="/home/svn/jdk1.6.0_45/jre/lib/ext:/usr/java/packages/lib/ext"/>
    <property name="sun.boot.class.path" value="/home/svn/jdk1.6.0_45/jre/lib/resources.jar:/home/svn/jdk1.6.0_45/jre/lib/rt.jar:/home/svn/jdk1.6.0_45/jre/lib/sunrsasign.jar:/home/svn/jdk1.6.0_45/jre/lib/jsse.jar:/home/svn/jdk1.6.0_45/jre/lib/jce.jar:/home/svn/jdk1.6.0_45/jre/lib/charsets.jar:/home/svn/jdk1.6.0_45/jre/lib/modules/jdk.boot.jar:/home/svn/jdk1.6.0_45/jre/classes"/>
    <property name="java.vendor" value="Sun Microsystems Inc."/>
    <property name="localRepository" value="/home/kylin/.m2/repository"/>
    <property name="file.separator" value="/"/>
    <property name="java.vendor.url.bug" value="http://java.sun.com/cgi-bin/bugreport.cgi"/>
    <property name="sun.cpu.endian" value="little"/>
    <property name="sun.io.unicode.encoding" value="UnicodeLittle"/>
    <property name="sun.cpu.isalist" value=""/>
  </properties>
  <testcase time="0.077" classname="org.opencloudb.route.ServerRouteTest" name="testRouteInsertShort"/>
  <testcase time="0.005" classname="org.opencloudb.route.ServerRouteTest" name="testGlobalTableRoute"/>
  <testcase time="0.002" classname="org.opencloudb.route.ServerRouteTest" name="testRouteMultiTables"/>
  <testcase time="0.007" classname="org.opencloudb.route.ServerRouteTest" name="testRoute"/>
  <testcase time="0.01" classname="org.opencloudb.route.ServerRouteTest" name="testDuplicatePartitionKey"/>
  <testcase time="0.009" classname="org.opencloudb.route.ServerRouteTest" name="testGroupLimit"/>
  <testcase time="0.001" classname="org.opencloudb.route.ServerRouteTest" name="testTableMetaRead"/>
  <testcase time="0.002" classname="org.opencloudb.route.ServerRouteTest" name="testConfigSchema"/>
  <testcase time="0.004" classname="org.opencloudb.route.ServerRouteTest" name="testIgnoreSchema"/>
  <testcase time="0" classname="org.opencloudb.route.ServerRouteTest" name="testNonPartitionSQL"/>
</testsuite>